Error: Ooops!
    at Timeout.setInterval [as _onTimeout] (/home/jesusalmircarcastellanos/Documents/Platzi/EscuelaJavaScript/CursoBackendConNode.js/learning-node/utilidades-debugging/console-class.js:10:23)
    at ontimeout (timers.js:482:11)
    at tryOnTimeout (timers.js:317:5)
    at Timer.listOnTimeout (timers.js:277:5)
Error: Ooops!
    at Timeout.setInterval [as _onTimeout] (/home/jesusalmircarcastellanos/Documents/Platzi/EscuelaJavaScript/CursoBackendConNode.js/learning-node/utilidades-debugging/console-class.js:10:23)
    at ontimeout (timers.js:482:11)
    at tryOnTimeout (timers.js:317:5)
    at Timer.listOnTimeout (timers.js:277:5)
Error: Ooops!
    at Timeout.setInterval [as _onTimeout] (/home/jesusalmircarcastellanos/Documents/Platzi/EscuelaJavaScript/CursoBackendConNode.js/learning-node/utilidades-debugging/console-class.js:10:23)
    at ontimeout (timers.js:482:11)
    at tryOnTimeout (timers.js:317:5)
    at Timer.listOnTimeout (timers.js:277:5)
Error: Ooops!
    at Timeout.setInterval [as _onTimeout] (/home/jesusalmircarcastellanos/Documents/Platzi/EscuelaJavaScript/CursoBackendConNode.js/learning-node/utilidades-debugging/console-class.js:10:23)
    at ontimeout (timers.js:482:11)
    at tryOnTimeout (timers.js:317:5)
    at Timer.listOnTimeout (timers.js:277:5)
Error: Ooops!
    at Timeout.setInterval [as _onTimeout] (/home/jesusalmircarcastellanos/Documents/Platzi/EscuelaJavaScript/CursoBackendConNode.js/learning-node/utilidades-debugging/console-class.js:10:23)
    at ontimeout (timers.js:482:11)
    at tryOnTimeout (timers.js:317:5)
    at Timer.listOnTimeout (timers.js:277:5)
Error: Ooops!
    at Timeout.setInterval [as _onTimeout] (/home/jesusalmircarcastellanos/Documents/Platzi/EscuelaJavaScript/CursoBackendConNode.js/learning-node/utilidades-debugging/console-class.js:10:23)
    at ontimeout (timers.js:482:11)
    at tryOnTimeout (timers.js:317:5)
    at Timer.listOnTimeout (timers.js:277:5)
Error: Ooops!
    at Timeout.setInterval [as _onTimeout] (/home/jesusalmircarcastellanos/Documents/Platzi/EscuelaJavaScript/CursoBackendConNode.js/learning-node/utilidades-debugging/console-class.js:10:23)
    at ontimeout (timers.js:482:11)
    at tryOnTimeout (timers.js:317:5)
    at Timer.listOnTimeout (timers.js:277:5)
Error: Ooops!
    at Timeout.setInterval [as _onTimeout] (/home/jesusalmircarcastellanos/Documents/Platzi/EscuelaJavaScript/CursoBackendConNode.js/learning-node/utilidades-debugging/console-class.js:10:23)
    at ontimeout (timers.js:482:11)
    at tryOnTimeout (timers.js:317:5)
    at Timer.listOnTimeout (timers.js:277:5)
Error: Ooops!
    at Timeout.setInterval [as _onTimeout] (/home/jesusalmircarcastellanos/Documents/Platzi/EscuelaJavaScript/CursoBackendConNode.js/learning-node/utilidades-debugging/console-class.js:10:23)
    at ontimeout (timers.js:482:11)
    at tryOnTimeout (timers.js:317:5)
    at Timer.listOnTimeout (timers.js:277:5)
Error: Ooops!
    at Timeout.setInterval [as _onTimeout] (/home/jesusalmircarcastellanos/Documents/Platzi/EscuelaJavaScript/CursoBackendConNode.js/learning-node/utilidades-debugging/console-class.js:10:23)
    at ontimeout (timers.js:482:11)
    at tryOnTimeout (timers.js:317:5)
    at Timer.listOnTimeout (timers.js:277:5)
Error: Ooops!
    at Timeout.setInterval [as _onTimeout] (/home/jesusalmircarcastellanos/Documents/Platzi/EscuelaJavaScript/CursoBackendConNode.js/learning-node/utilidades-debugging/console-class.js:10:23)
    at ontimeout (timers.js:482:11)
    at tryOnTimeout (timers.js:317:5)
    at Timer.listOnTimeout (timers.js:277:5)
Error: Ooops!
    at Timeout.setInterval [as _onTimeout] (/home/jesusalmircarcastellanos/Documents/Platzi/EscuelaJavaScript/CursoBackendConNode.js/learning-node/utilidades-debugging/console-class.js:10:23)
    at ontimeout (timers.js:482:11)
    at tryOnTimeout (timers.js:317:5)
    at Timer.listOnTimeout (timers.js:277:5)
Error: Ooops!
    at Timeout.setInterval [as _onTimeout] (/home/jesusalmircarcastellanos/Documents/Platzi/EscuelaJavaScript/CursoBackendConNode.js/learning-node/utilidades-debugging/console-class.js:10:23)
    at ontimeout (timers.js:482:11)
    at tryOnTimeout (timers.js:317:5)
    at Timer.listOnTimeout (timers.js:277:5)
